<?xml version="1.0" encoding="UTF-8"?>
<testsuite name="com.monotonic.generics._5_wildcards.bounded.PersonStorageTest" tests="6" skipped="0" failures="0" errors="0" timestamp="2022-10-25T18:04:17" hostname="AMATKV70JPHL9" time="0.008">
  <properties/>
  <testcase name="savesArraysOfPeople" classname="com.monotonic.generics._5_wildcards.bounded.PersonStorageTest" time="0.003"/>
  <testcase name="savesListsOfPeople" classname="com.monotonic.generics._5_wildcards.bounded.PersonStorageTest" time="0.001"/>
  <testcase name="savesAndLoadsTwoPeople" classname="com.monotonic.generics._5_wildcards.bounded.PersonStorageTest" time="0.001"/>
  <testcase name="loadsListsOfPeople" classname="com.monotonic.generics._5_wildcards.bounded.PersonStorageTest" time="0.001"/>
  <testcase name="cannotLoadFromEmptyFile" classname="com.monotonic.generics._5_wildcards.bounded.PersonStorageTest" time="0.001"/>
  <testcase name="savesAndLoadsPerson" classname="com.monotonic.generics._5_wildcards.bounded.PersonStorageTest" time="0.001"/>
  <system-out><![CDATA[]]></system-out>
  <system-err><![CDATA[]]></system-err>
</testsuite>
